build/app/outputs/mapping/release/mapping.txt
# compiler: R8
# compiler_version: 1.5.64
# min_api: 16
# pg_map_id: 952d5fa
com.wufamily.ping_pong_counter.MainActivity -> com.wufamily.ping_pong_counter.MainActivity:
    void configureFlutterEngine(io.flutter.embedding.engine.FlutterEngine) -> a
...
androidx.lifecycle.GeneratedAdapter -> androidx.lifecycle.c:
    void callMethods(androidx.lifecycle.LifecycleOwner,androidx.lifecycle.Lifecycle$Event,boolean,androidx.lifecycle.MethodCallsLogger) -> a
androidx.lifecycle.GenericLifecycleObserver -> androidx.lifecycle.d:
androidx.lifecycle.Lifecycle -> androidx.lifecycle.e:
    androidx.lifecycle.Lifecycle$State getCurrentState() -> a
    void removeObserver(androidx.lifecycle.LifecycleObserver) -> a
androidx.lifecycle.Lifecycle$Event -> androidx.lifecycle.e$a:
androidx.lifecycle.Lifecycle$State -> androidx.lifecycle.e$b:
    androidx.lifecycle.Lifecycle$State INITIALIZED -> b
    androidx.lifecycle.Lifecycle$State DESTROYED -> a
    androidx.lifecycle.Lifecycle$State[] $VALUES -> f
    androidx.lifecycle.Lifecycle$State RESUMED -> e
    androidx.lifecycle.Lifecycle$State STARTED -> d
    androidx.lifecycle.Lifecycle$State CREATED -> c
    boolean isAtLeast(androidx.lifecycle.Lifecycle$State) -> a
androidx.lifecycle.LifecycleEventObserver -> androidx.lifecycle.f:
    void onStateChanged(androidx.lifecycle.LifecycleOwner,androidx.lifecycle.Lifecycle$Event) -> a
androidx.lifecycle.LifecycleObserver -> androidx.lifecycle.g:
androidx.lifecycle.LifecycleOwner -> androidx.lifecycle.h:
    androidx.lifecycle.Lifecycle getLifecycle() -> c
androidx.lifecycle.LifecycleRegistry -> androidx.lifecycle.i:
    androidx.lifecycle.Lifecycle$State mState -> b
    androidx.arch.core.internal.FastSafeIterableMap mObserverMap -> a
    boolean mHandlingEvent -> e
    java.util.ArrayList mParentStates -> g
    java.lang.ref.WeakReference mLifecycleOwner -> c
    boolean mNewEventOccurred -> f
    int mAddingObserverCounter -> d
    void backwardPass(androidx.lifecycle.LifecycleOwner) -> a
    androidx.lifecycle.Lifecycle$Event downEvent(androidx.lifecycle.Lifecycle$State) -> a
    androidx.lifecycle.Lifecycle$State getCurrentState() -> a
    void handleLifecycleEvent(androidx.lifecycle.Lifecycle$Event) -> a
    androidx.lifecycle.Lifecycle$State min(androidx.lifecycle.Lifecycle$State,androidx.lifecycle.Lifecycle$State) -> a
    void removeObserver(androidx.lifecycle.LifecycleObserver) -> a
    void forwardPass(androidx.lifecycle.LifecycleOwner) -> b
    androidx.lifecycle.Lifecycle$State getStateAfter(androidx.lifecycle.Lifecycle$Event) -> b
    boolean isSynced() -> b
    void moveToState(androidx.lifecycle.Lifecycle$State) -> b
    void popParentState() -> c
    void pushParentState(androidx.lifecycle.Lifecycle$State) -> c
    void sync() -> d
    androidx.lifecycle.Lifecycle$Event upEvent(androidx.lifecycle.Lifecycle$State) -> d
androidx.lifecycle.LifecycleRegistry$1 -> androidx.lifecycle.i$a:
    int[] $SwitchMap$androidx$lifecycle$Lifecycle$State -> b
    int[] $SwitchMap$androidx$lifecycle$Lifecycle$Event -> a
androidx.lifecycle.LifecycleRegistry$ObserverWithState -> androidx.lifecycle.i$b:
    androidx.lifecycle.Lifecycle$State mState -> a
    androidx.lifecycle.LifecycleEventObserver mLifecycleObserver -> b
    void dispatchEvent(androidx.lifecycle.LifecycleOwner,androidx.lifecycle.Lifecycle$Event) -> a
androidx.lifecycle.Lifecycling$1 -> androidx.lifecycle.Lifecycling$1:
    androidx.lifecycle.LifecycleEventObserver val$observer -> a
    void onStateChanged(androidx.lifecycle.LifecycleOwner,androidx.lifecycle.Lifecycle$Event) -> a
androidx.lifecycle.LiveData -> androidx.lifecycle.LiveData:
    int mActiveCount -> a
    void dispatchingValue(androidx.lifecycle.LiveData$ObserverWrapper) -> a
    void onActive() -> a
    void removeObserver(androidx.lifecycle.Observer) -> a
    void onInactive() -> b
androidx.lifecycle.LiveData$LifecycleBoundObserver -> androidx.lifecycle.LiveData$LifecycleBoundObserver:
    androidx.lifecycle.LiveData this$0 -> e
    androidx.lifecycle.LifecycleOwner mOwner -> d
    void onStateChanged(androidx.lifecycle.LifecycleOwner,androidx.lifecycle.Lifecycle$Event) -> a
    boolean shouldBeActive() -> a